<!DOCTYPE html PUBLIC "-//W3C//DTD XHTML 1.1//EN" "http://www.w3.org/TR/xhtml11/DTD/xhtml11.dtd">
<html xmlns="http://www.w3.org/1999/xhtml">
<head>
<meta http-equiv="content-type" content="text/html; charset=UTF-8"/>
<title>TestNG Report</title>
<style type="text/css">table {margin-bottom:10px;border-collapse:collapse;empty-cells:show}th,td {border:1px solid #009;padding:.25em .5em}th {vertical-align:bottom}td {vertical-align:top}table a {font-weight:bold}.stripe td {background-color: #E6EBF9}.num {text-align:right}.passedodd td {background-color: #3F3}.passedeven td {background-color: #0A0}.skippedodd td {background-color: #DDD}.skippedeven td {background-color: #CCC}.failedodd td,.attn {background-color: #F33}.failedeven td,.stripe .attn {background-color: #D00}.stacktrace {white-space:pre;font-family:monospace}.totop {font-size:85%;text-align:center;border-bottom:2px solid #000}.invisible {display:none}</style>
</head>
<body>
<table>
<tr><th>Test</th><th># Passed</th><th># Skipped</th><th># Failed</th><th>Time (ms)</th><th>Included Groups</th><th>Excluded Groups</th></tr>
<tr><th colspan="7">Command line suite</th></tr>
<tr><td><a href="#t0">Command line test</a></td><td class="num">0</td><td class="num attn">1</td><td class="num">0</td><td class="num">2,968</td><td></td><td></td></tr>
</table>
<table id='summary'><thead><tr><th>Class</th><th>Method</th><th>Start</th><th>Time (ms)</th></tr></thead><tbody><tr><th colspan="4">Command line suite</th></tr></tbody><tbody id="t0"><tr><th colspan="4">Command line test &#8212; failed (configuration methods)</th></tr><tr class="failedeven"><td rowspan="1">tests.FlowTest</td><td><a href="#m0">setUp</a></td><td rowspan="1">1557933558895</td><td rowspan="1">2941</td></tr><tr><th colspan="4">Command line test &#8212; skipped (configuration methods)</th></tr><tr class="skippedeven"><td rowspan="1">tests.FlowTest</td><td><a href="#m1">afterMethod</a></td><td rowspan="1">1557933561854</td><td rowspan="1">0</td></tr><tr><th colspan="4">Command line test &#8212; skipped</th></tr><tr class="skippedeven"><td rowspan="1">tests.FlowTest</td><td><a href="#m2">flow</a></td><td rowspan="1">1557933561853</td><td rowspan="1">0</td></tr></tbody>
</table>
<h2>Command line test</h2><h3 id="m0">tests.FlowTest#setUp</h3><table class="result"><tr><th>Exception</th></tr><tr><td><div class="stacktrace">org.openqa.selenium.SessionNotCreatedException: session not created: This version of ChromeDriver only supports Chrome version 75
Build info: version: &apos;3.141.0&apos;, revision: &apos;2ecb7d9a&apos;, time: &apos;2018-10-31T20:09:30&apos;
System info: host: &apos;ElenAramyan&apos;, ip: &apos;fe80:0:0:0:1c64:ac77:ebf0:ee%en0&apos;, os.name: &apos;Mac OS X&apos;, os.arch: &apos;x86_64&apos;, os.version: &apos;10.13.5&apos;, java.version: &apos;1.8.0_172&apos;
Driver info: driver.version: ChromeDriver
remote stacktrace: 0   chromedriver-mac-64bit              0x000000010439d8e9 chromedriver-mac-64bit + 3594473
1   chromedriver-mac-64bit              0x000000010432d543 chromedriver-mac-64bit + 3134787
2   chromedriver-mac-64bit              0x00000001040d929f chromedriver-mac-64bit + 692895
3   chromedriver-mac-64bit              0x000000010404772b chromedriver-mac-64bit + 96043
4   chromedriver-mac-64bit              0x00000001040437d8 chromedriver-mac-64bit + 79832
5   chromedriver-mac-64bit              0x000000010406f6db chromedriver-mac-64bit + 259803
6   chromedriver-mac-64bit              0x000000010406cd13 chromedriver-mac-64bit + 249107
7   chromedriver-mac-64bit              0x000000010404978a chromedriver-mac-64bit + 104330
8   chromedriver-mac-64bit              0x000000010404a7d5 chromedriver-mac-64bit + 108501
9   chromedriver-mac-64bit              0x000000010435c555 chromedriver-mac-64bit + 3327317
10  chromedriver-mac-64bit              0x0000000104367e60 chromedriver-mac-64bit + 3374688
11  chromedriver-mac-64bit              0x0000000104367bf8 chromedriver-mac-64bit + 3374072
12  chromedriver-mac-64bit              0x000000010433bd39 chromedriver-mac-64bit + 3194169
13  chromedriver-mac-64bit              0x00000001043686d8 chromedriver-mac-64bit + 3376856
14  chromedriver-mac-64bit              0x000000010434ff27 chromedriver-mac-64bit + 3276583
15  chromedriver-mac-64bit              0x0000000104385064 chromedriver-mac-64bit + 3493988
16  chromedriver-mac-64bit              0x00000001043a3617 chromedriver-mac-64bit + 3618327
17  libsystem_pthread.dylib             0x00007fff7bf92661 _pthread_body + 340
18  libsystem_pthread.dylib             0x00007fff7bf9250d _pthread_body + 0
19  libsystem_pthread.dylib             0x00007fff7bf91bf9 thread_start + 13

	at org.openqa.selenium.remote.W3CHandshakeResponse.lambda$errorHandler$0(W3CHandshakeResponse.java:62)
	at org.openqa.selenium.remote.HandshakeResponse.lambda$getResponseFunction$0(HandshakeResponse.java:30)
	at org.openqa.selenium.remote.ProtocolHandshake.lambda$createSession$0(ProtocolHandshake.java:123)
	at java.util.stream.ReferencePipeline$3$1.accept(ReferencePipeline.java:193)
	at java.util.Spliterators$ArraySpliterator.tryAdvance(Spliterators.java:958)
	at java.util.stream.ReferencePipeline.forEachWithCancel(ReferencePipeline.java:126)
	at java.util.stream.AbstractPipeline.copyIntoWithCancel(AbstractPipeline.java:498)
	at java.util.stream.AbstractPipeline.copyInto(AbstractPipeline.java:485)
	at java.util.stream.AbstractPipeline.wrapAndCopyInto(AbstractPipeline.java:471)
	at java.util.stream.FindOps$FindOp.evaluateSequential(FindOps.java:152)
	at java.util.stream.AbstractPipeline.evaluate(AbstractPipeline.java:234)
	at java.util.stream.ReferencePipeline.findFirst(ReferencePipeline.java:464)
	at org.openqa.selenium.remote.ProtocolHandshake.createSession(ProtocolHandshake.java:125)
	at org.openqa.selenium.remote.ProtocolHandshake.createSession(ProtocolHandshake.java:74)
	at org.openqa.selenium.remote.HttpCommandExecutor.execute(HttpCommandExecutor.java:136)
	at org.openqa.selenium.remote.service.DriverCommandExecutor.execute(DriverCommandExecutor.java:83)
	at org.openqa.selenium.remote.RemoteWebDriver.execute(RemoteWebDriver.java:552)
	at org.openqa.selenium.remote.RemoteWebDriver.startSession(RemoteWebDriver.java:213)
	at org.openqa.selenium.remote.RemoteWebDriver.&lt;init&gt;(RemoteWebDriver.java:131)
	at org.openqa.selenium.chrome.ChromeDriver.&lt;init&gt;(ChromeDriver.java:181)
	at org.openqa.selenium.chrome.ChromeDriver.&lt;init&gt;(ChromeDriver.java:168)
	at org.openqa.selenium.chrome.ChromeDriver.&lt;init&gt;(ChromeDriver.java:123)
	at setupClasses.DriverManager.getDrivers(DriverManager.java:26)
	at setupClasses.DriverManager.getDriver(DriverManager.java:13)
	at setupClasses.DriverManager.openDriver(DriverManager.java:17)
	at tests.BaseTest.getDriver(BaseTest.java:25)
	at tests.BaseTest.setUp(BaseTest.java:15)
... Removed 40 stack frames</div></td></tr></table><p class="totop"><a href="#summary">back to summary</a></p>
<h3 id="m1">tests.FlowTest#afterMethod</h3><table class="result"><tr><th class="invisible"/></tr></table><p class="totop"><a href="#summary">back to summary</a></p>
<h3 id="m2">tests.FlowTest#flow</h3><table class="result"><tr><th>Exception</th></tr><tr><td><div class="stacktrace">org.openqa.selenium.SessionNotCreatedException: session not created: This version of ChromeDriver only supports Chrome version 75
Build info: version: &apos;3.141.0&apos;, revision: &apos;2ecb7d9a&apos;, time: &apos;2018-10-31T20:09:30&apos;
System info: host: &apos;ElenAramyan&apos;, ip: &apos;fe80:0:0:0:1c64:ac77:ebf0:ee%en0&apos;, os.name: &apos;Mac OS X&apos;, os.arch: &apos;x86_64&apos;, os.version: &apos;10.13.5&apos;, java.version: &apos;1.8.0_172&apos;
Driver info: driver.version: ChromeDriver
remote stacktrace: 0   chromedriver-mac-64bit              0x000000010439d8e9 chromedriver-mac-64bit + 3594473
1   chromedriver-mac-64bit              0x000000010432d543 chromedriver-mac-64bit + 3134787
2   chromedriver-mac-64bit              0x00000001040d929f chromedriver-mac-64bit + 692895
3   chromedriver-mac-64bit              0x000000010404772b chromedriver-mac-64bit + 96043
4   chromedriver-mac-64bit              0x00000001040437d8 chromedriver-mac-64bit + 79832
5   chromedriver-mac-64bit              0x000000010406f6db chromedriver-mac-64bit + 259803
6   chromedriver-mac-64bit              0x000000010406cd13 chromedriver-mac-64bit + 249107
7   chromedriver-mac-64bit              0x000000010404978a chromedriver-mac-64bit + 104330
8   chromedriver-mac-64bit              0x000000010404a7d5 chromedriver-mac-64bit + 108501
9   chromedriver-mac-64bit              0x000000010435c555 chromedriver-mac-64bit + 3327317
10  chromedriver-mac-64bit              0x0000000104367e60 chromedriver-mac-64bit + 3374688
11  chromedriver-mac-64bit              0x0000000104367bf8 chromedriver-mac-64bit + 3374072
12  chromedriver-mac-64bit              0x000000010433bd39 chromedriver-mac-64bit + 3194169
13  chromedriver-mac-64bit              0x00000001043686d8 chromedriver-mac-64bit + 3376856
14  chromedriver-mac-64bit              0x000000010434ff27 chromedriver-mac-64bit + 3276583
15  chromedriver-mac-64bit              0x0000000104385064 chromedriver-mac-64bit + 3493988
16  chromedriver-mac-64bit              0x00000001043a3617 chromedriver-mac-64bit + 3618327
17  libsystem_pthread.dylib             0x00007fff7bf92661 _pthread_body + 340
18  libsystem_pthread.dylib             0x00007fff7bf9250d _pthread_body + 0
19  libsystem_pthread.dylib             0x00007fff7bf91bf9 thread_start + 13

	at org.openqa.selenium.remote.W3CHandshakeResponse.lambda$errorHandler$0(W3CHandshakeResponse.java:62)
	at org.openqa.selenium.remote.HandshakeResponse.lambda$getResponseFunction$0(HandshakeResponse.java:30)
	at org.openqa.selenium.remote.ProtocolHandshake.lambda$createSession$0(ProtocolHandshake.java:123)
	at java.util.stream.ReferencePipeline$3$1.accept(ReferencePipeline.java:193)
	at java.util.Spliterators$ArraySpliterator.tryAdvance(Spliterators.java:958)
	at java.util.stream.ReferencePipeline.forEachWithCancel(ReferencePipeline.java:126)
	at java.util.stream.AbstractPipeline.copyIntoWithCancel(AbstractPipeline.java:498)
	at java.util.stream.AbstractPipeline.copyInto(AbstractPipeline.java:485)
	at java.util.stream.AbstractPipeline.wrapAndCopyInto(AbstractPipeline.java:471)
	at java.util.stream.FindOps$FindOp.evaluateSequential(FindOps.java:152)
	at java.util.stream.AbstractPipeline.evaluate(AbstractPipeline.java:234)
	at java.util.stream.ReferencePipeline.findFirst(ReferencePipeline.java:464)
	at org.openqa.selenium.remote.ProtocolHandshake.createSession(ProtocolHandshake.java:125)
	at org.openqa.selenium.remote.ProtocolHandshake.createSession(ProtocolHandshake.java:74)
	at org.openqa.selenium.remote.HttpCommandExecutor.execute(HttpCommandExecutor.java:136)
	at org.openqa.selenium.remote.service.DriverCommandExecutor.execute(DriverCommandExecutor.java:83)
	at org.openqa.selenium.remote.RemoteWebDriver.execute(RemoteWebDriver.java:552)
	at org.openqa.selenium.remote.RemoteWebDriver.startSession(RemoteWebDriver.java:213)
	at org.openqa.selenium.remote.RemoteWebDriver.&lt;init&gt;(RemoteWebDriver.java:131)
	at org.openqa.selenium.chrome.ChromeDriver.&lt;init&gt;(ChromeDriver.java:181)
	at org.openqa.selenium.chrome.ChromeDriver.&lt;init&gt;(ChromeDriver.java:168)
	at org.openqa.selenium.chrome.ChromeDriver.&lt;init&gt;(ChromeDriver.java:123)
	at setupClasses.DriverManager.getDrivers(DriverManager.java:26)
	at setupClasses.DriverManager.getDriver(DriverManager.java:13)
	at setupClasses.DriverManager.openDriver(DriverManager.java:17)
	at tests.BaseTest.getDriver(BaseTest.java:25)
	at tests.BaseTest.setUp(BaseTest.java:15)
... Removed 40 stack frames</div></td></tr></table><p class="totop"><a href="#summary">back to summary</a></p>
</body>
</html>
