<?xml version="1.0" encoding="UTF-8"?>
<testng-results skipped="1" failed="0" ignored="0" total="1" passed="0">
  <reporter-output>
  </reporter-output>
  <suite name="Command line suite" duration-ms="2968" started-at="2019-05-15T15:19:18Z" finished-at="2019-05-15T15:19:21Z">
    <groups>
    </groups>
    <test name="Command line test" duration-ms="2968" started-at="2019-05-15T15:19:18Z" finished-at="2019-05-15T15:19:21Z">
      <class name="tests.FlowTest">
        <test-method status="FAIL" signature="setUp()[pri:0, instance:tests.FlowTest@7a5d012c]" name="setUp" is-config="true" duration-ms="2941" started-at="2019-05-15T15:19:18Z" finished-at="2019-05-15T15:19:21Z">
          <exception class="org.openqa.selenium.SessionNotCreatedException">
            <message>
              <![CDATA[session not created: This version of ChromeDriver only supports Chrome version 75
Build info: version: '3.141.0', revision: '2ecb7d9a', time: '2018-10-31T20:09:30'
System info: host: 'ElenAramyan', ip: 'fe80:0:0:0:1c64:ac77:ebf0:ee%en0', os.name: 'Mac OS X', os.arch: 'x86_64', os.version: '10.13.5', java.version: '1.8.0_172'
Driver info: driver.version: ChromeDriver
remote stacktrace: 0   chromedriver-mac-64bit              0x000000010439d8e9 chromedriver-mac-64bit + 3594473
1   chromedriver-mac-64bit              0x000000010432d543 chromedriver-mac-64bit + 3134787
2   chromedriver-mac-64bit              0x00000001040d929f chromedriver-mac-64bit + 692895
3   chromedriver-mac-64bit              0x000000010404772b chromedriver-mac-64bit + 96043
4   chromedriver-mac-64bit              0x00000001040437d8 chromedriver-mac-64bit + 79832
5   chromedriver-mac-64bit              0x000000010406f6db chromedriver-mac-64bit + 259803
6   chromedriver-mac-64bit              0x000000010406cd13 chromedriver-mac-64bit + 249107
7   chromedriver-mac-64bit              0x000000010404978a chromedriver-mac-64bit + 104330
8   chromedriver-mac-64bit              0x000000010404a7d5 chromedriver-mac-64bit + 108501
9   chromedriver-mac-64bit              0x000000010435c555 chromedriver-mac-64bit + 3327317
10  chromedriver-mac-64bit              0x0000000104367e60 chromedriver-mac-64bit + 3374688
11  chromedriver-mac-64bit              0x0000000104367bf8 chromedriver-mac-64bit + 3374072
12  chromedriver-mac-64bit              0x000000010433bd39 chromedriver-mac-64bit + 3194169
13  chromedriver-mac-64bit              0x00000001043686d8 chromedriver-mac-64bit + 3376856
14  chromedriver-mac-64bit              0x000000010434ff27 chromedriver-mac-64bit + 3276583
15  chromedriver-mac-64bit              0x0000000104385064 chromedriver-mac-64bit + 3493988
16  chromedriver-mac-64bit              0x00000001043a3617 chromedriver-mac-64bit + 3618327
17  libsystem_pthread.dylib             0x00007fff7bf92661 _pthread_body + 340
18  libsystem_pthread.dylib             0x00007fff7bf9250d _pthread_body + 0
19  libsystem_pthread.dylib             0x00007fff7bf91bf9 thread_start + 13
]]>
            </message>
            <full-stacktrace>
              <![CDATA[org.openqa.selenium.SessionNotCreatedException: session not created: This version of ChromeDriver only supports Chrome version 75
Build info: version: '3.141.0', revision: '2ecb7d9a', time: '2018-10-31T20:09:30'
System info: host: 'ElenAramyan', ip: 'fe80:0:0:0:1c64:ac77:ebf0:ee%en0', os.name: 'Mac OS X', os.arch: 'x86_64', os.version: '10.13.5', java.version: '1.8.0_172'
Driver info: driver.version: ChromeDriver
remote stacktrace: 0   chromedriver-mac-64bit              0x000000010439d8e9 chromedriver-mac-64bit + 3594473
1   chromedriver-mac-64bit              0x000000010432d543 chromedriver-mac-64bit + 3134787
2   chromedriver-mac-64bit              0x00000001040d929f chromedriver-mac-64bit + 692895
3   chromedriver-mac-64bit              0x000000010404772b chromedriver-mac-64bit + 96043
4   chromedriver-mac-64bit              0x00000001040437d8 chromedriver-mac-64bit + 79832
5   chromedriver-mac-64bit              0x000000010406f6db chromedriver-mac-64bit + 259803
6   chromedriver-mac-64bit              0x000000010406cd13 chromedriver-mac-64bit + 249107
7   chromedriver-mac-64bit              0x000000010404978a chromedriver-mac-64bit + 104330
8   chromedriver-mac-64bit              0x000000010404a7d5 chromedriver-mac-64bit + 108501
9   chromedriver-mac-64bit              0x000000010435c555 chromedriver-mac-64bit + 3327317
10  chromedriver-mac-64bit              0x0000000104367e60 chromedriver-mac-64bit + 3374688
11  chromedriver-mac-64bit              0x0000000104367bf8 chromedriver-mac-64bit + 3374072
12  chromedriver-mac-64bit              0x000000010433bd39 chromedriver-mac-64bit + 3194169
13  chromedriver-mac-64bit              0x00000001043686d8 chromedriver-mac-64bit + 3376856
14  chromedriver-mac-64bit              0x000000010434ff27 chromedriver-mac-64bit + 3276583
15  chromedriver-mac-64bit              0x0000000104385064 chromedriver-mac-64bit + 3493988
16  chromedriver-mac-64bit              0x00000001043a3617 chromedriver-mac-64bit + 3618327
17  libsystem_pthread.dylib             0x00007fff7bf92661 _pthread_body + 340
18  libsystem_pthread.dylib             0x00007fff7bf9250d _pthread_body + 0
19  libsystem_pthread.dylib             0x00007fff7bf91bf9 thread_start + 13

at sun.reflect.NativeConstructorAccessorImpl.newInstance0(Native Method)
at sun.reflect.NativeConstructorAccessorImpl.newInstance(NativeConstructorAccessorImpl.java:62)
at sun.reflect.DelegatingConstructorAccessorImpl.newInstance(DelegatingConstructorAccessorImpl.java:45)
at java.lang.reflect.Constructor.newInstance(Constructor.java:423)
at org.openqa.selenium.remote.W3CHandshakeResponse.lambda$errorHandler$0(W3CHandshakeResponse.java:62)
at org.openqa.selenium.remote.HandshakeResponse.lambda$getResponseFunction$0(HandshakeResponse.java:30)
at org.openqa.selenium.remote.ProtocolHandshake.lambda$createSession$0(ProtocolHandshake.java:123)
at java.util.stream.ReferencePipeline$3$1.accept(ReferencePipeline.java:193)
at java.util.Spliterators$ArraySpliterator.tryAdvance(Spliterators.java:958)
at java.util.stream.ReferencePipeline.forEachWithCancel(ReferencePipeline.java:126)
at java.util.stream.AbstractPipeline.copyIntoWithCancel(AbstractPipeline.java:498)
at java.util.stream.AbstractPipeline.copyInto(AbstractPipeline.java:485)
at java.util.stream.AbstractPipeline.wrapAndCopyInto(AbstractPipeline.java:471)
at java.util.stream.FindOps$FindOp.evaluateSequential(FindOps.java:152)
at java.util.stream.AbstractPipeline.evaluate(AbstractPipeline.java:234)
at java.util.stream.ReferencePipeline.findFirst(ReferencePipeline.java:464)
at org.openqa.selenium.remote.ProtocolHandshake.createSession(ProtocolHandshake.java:125)
at org.openqa.selenium.remote.ProtocolHandshake.createSession(ProtocolHandshake.java:74)
at org.openqa.selenium.remote.HttpCommandExecutor.execute(HttpCommandExecutor.java:136)
at org.openqa.selenium.remote.service.DriverCommandExecutor.execute(DriverCommandExecutor.java:83)
at org.openqa.selenium.remote.RemoteWebDriver.execute(RemoteWebDriver.java:552)
at org.openqa.selenium.remote.RemoteWebDriver.startSession(RemoteWebDriver.java:213)
at org.openqa.selenium.remote.RemoteWebDriver.<init>(RemoteWebDriver.java:131)
at org.openqa.selenium.chrome.ChromeDriver.<init>(ChromeDriver.java:181)
at org.openqa.selenium.chrome.ChromeDriver.<init>(ChromeDriver.java:168)
at org.openqa.selenium.chrome.ChromeDriver.<init>(ChromeDriver.java:123)
at setupClasses.DriverManager.getDrivers(DriverManager.java:26)
at setupClasses.DriverManager.getDriver(DriverManager.java:13)
at setupClasses.DriverManager.openDriver(DriverManager.java:17)
at tests.BaseTest.getDriver(BaseTest.java:25)
at tests.BaseTest.setUp(BaseTest.java:15)
at sun.reflect.NativeMethodAccessorImpl.invoke0(Native Method)
at sun.reflect.NativeMethodAccessorImpl.invoke(NativeMethodAccessorImpl.java:62)
at sun.reflect.DelegatingMethodAccessorImpl.invoke(DelegatingMethodAccessorImpl.java:43)
at java.lang.reflect.Method.invoke(Method.java:498)
at org.testng.internal.MethodInvocationHelper.invokeMethod(MethodInvocationHelper.java:124)
at org.testng.internal.MethodInvocationHelper.invokeMethodConsideringTimeout(MethodInvocationHelper.java:59)
at org.testng.internal.Invoker.invokeConfigurationMethod(Invoker.java:458)
at org.testng.internal.Invoker.invokeConfigurations(Invoker.java:222)
at org.testng.internal.Invoker.invokeConfigurations(Invoker.java:142)
at org.testng.internal.TestMethodWorker.invokeBeforeClassMethods(TestMethodWorker.java:168)
at org.testng.internal.TestMethodWorker.run(TestMethodWorker.java:105)
at org.testng.TestRunner.privateRun(TestRunner.java:648)
at org.testng.TestRunner.run(TestRunner.java:505)
at org.testng.SuiteRunner.runTest(SuiteRunner.java:455)
at org.testng.SuiteRunner.runSequentially(SuiteRunner.java:450)
at org.testng.SuiteRunner.privateRun(SuiteRunner.java:415)
at org.testng.SuiteRunner.run(SuiteRunner.java:364)
at org.testng.SuiteRunnerWorker.runSuite(SuiteRunnerWorker.java:52)
at org.testng.SuiteRunnerWorker.run(SuiteRunnerWorker.java:84)
at org.testng.TestNG.runSuitesSequentially(TestNG.java:1208)
at org.testng.TestNG.runSuitesLocally(TestNG.java:1137)
at org.testng.TestNG.runSuites(TestNG.java:1049)
at org.testng.TestNG.run(TestNG.java:1017)
at org.apache.maven.surefire.testng.TestNGExecutor.run(TestNGExecutor.java:77)
at org.apache.maven.surefire.testng.TestNGDirectoryTestSuite.executeMulti(TestNGDirectoryTestSuite.java:159)
at org.apache.maven.surefire.testng.TestNGDirectoryTestSuite.execute(TestNGDirectoryTestSuite.java:99)
at org.apache.maven.surefire.testng.TestNGProvider.invoke(TestNGProvider.java:106)
at sun.reflect.NativeMethodAccessorImpl.invoke0(Native Method)
at sun.reflect.NativeMethodAccessorImpl.invoke(NativeMethodAccessorImpl.java:62)
at sun.reflect.DelegatingMethodAccessorImpl.invoke(DelegatingMethodAccessorImpl.java:43)
at java.lang.reflect.Method.invoke(Method.java:498)
at org.apache.maven.surefire.util.ReflectionUtils.invokeMethodWithArray(ReflectionUtils.java:189)
at org.apache.maven.surefire.booter.ProviderFactory$ProviderProxy.invoke(ProviderFactory.java:165)
at org.apache.maven.surefire.booter.ProviderFactory.invokeProvider(ProviderFactory.java:85)
at org.apache.maven.surefire.booter.ForkedBooter.runSuitesInProcess(ForkedBooter.java:115)
at org.apache.maven.surefire.booter.ForkedBooter.main(ForkedBooter.java:75)
]]>
            </full-stacktrace>
          </exception> <!-- org.openqa.selenium.SessionNotCreatedException -->
          <reporter-output>
          </reporter-output>
        </test-method> <!-- setUp -->
        <test-method status="SKIP" signature="flow()[pri:0, instance:tests.FlowTest@7a5d012c]" name="flow" duration-ms="0" started-at="2019-05-15T15:19:21Z" finished-at="2019-05-15T15:19:21Z">
          <exception class="org.openqa.selenium.SessionNotCreatedException">
            <message>
              <![CDATA[session not created: This version of ChromeDriver only supports Chrome version 75
Build info: version: '3.141.0', revision: '2ecb7d9a', time: '2018-10-31T20:09:30'
System info: host: 'ElenAramyan', ip: 'fe80:0:0:0:1c64:ac77:ebf0:ee%en0', os.name: 'Mac OS X', os.arch: 'x86_64', os.version: '10.13.5', java.version: '1.8.0_172'
Driver info: driver.version: ChromeDriver
remote stacktrace: 0   chromedriver-mac-64bit              0x000000010439d8e9 chromedriver-mac-64bit + 3594473
1   chromedriver-mac-64bit              0x000000010432d543 chromedriver-mac-64bit + 3134787
2   chromedriver-mac-64bit              0x00000001040d929f chromedriver-mac-64bit + 692895
3   chromedriver-mac-64bit              0x000000010404772b chromedriver-mac-64bit + 96043
4   chromedriver-mac-64bit              0x00000001040437d8 chromedriver-mac-64bit + 79832
5   chromedriver-mac-64bit              0x000000010406f6db chromedriver-mac-64bit + 259803
6   chromedriver-mac-64bit              0x000000010406cd13 chromedriver-mac-64bit + 249107
7   chromedriver-mac-64bit              0x000000010404978a chromedriver-mac-64bit + 104330
8   chromedriver-mac-64bit              0x000000010404a7d5 chromedriver-mac-64bit + 108501
9   chromedriver-mac-64bit              0x000000010435c555 chromedriver-mac-64bit + 3327317
10  chromedriver-mac-64bit              0x0000000104367e60 chromedriver-mac-64bit + 3374688
11  chromedriver-mac-64bit              0x0000000104367bf8 chromedriver-mac-64bit + 3374072
12  chromedriver-mac-64bit              0x000000010433bd39 chromedriver-mac-64bit + 3194169
13  chromedriver-mac-64bit              0x00000001043686d8 chromedriver-mac-64bit + 3376856
14  chromedriver-mac-64bit              0x000000010434ff27 chromedriver-mac-64bit + 3276583
15  chromedriver-mac-64bit              0x0000000104385064 chromedriver-mac-64bit + 3493988
16  chromedriver-mac-64bit              0x00000001043a3617 chromedriver-mac-64bit + 3618327
17  libsystem_pthread.dylib             0x00007fff7bf92661 _pthread_body + 340
18  libsystem_pthread.dylib             0x00007fff7bf9250d _pthread_body + 0
19  libsystem_pthread.dylib             0x00007fff7bf91bf9 thread_start + 13
]]>
            </message>
            <full-stacktrace>
              <![CDATA[org.openqa.selenium.SessionNotCreatedException: session not created: This version of ChromeDriver only supports Chrome version 75
Build info: version: '3.141.0', revision: '2ecb7d9a', time: '2018-10-31T20:09:30'
System info: host: 'ElenAramyan', ip: 'fe80:0:0:0:1c64:ac77:ebf0:ee%en0', os.name: 'Mac OS X', os.arch: 'x86_64', os.version: '10.13.5', java.version: '1.8.0_172'
Driver info: driver.version: ChromeDriver
remote stacktrace: 0   chromedriver-mac-64bit              0x000000010439d8e9 chromedriver-mac-64bit + 3594473
1   chromedriver-mac-64bit              0x000000010432d543 chromedriver-mac-64bit + 3134787
2   chromedriver-mac-64bit              0x00000001040d929f chromedriver-mac-64bit + 692895
3   chromedriver-mac-64bit              0x000000010404772b chromedriver-mac-64bit + 96043
4   chromedriver-mac-64bit              0x00000001040437d8 chromedriver-mac-64bit + 79832
5   chromedriver-mac-64bit              0x000000010406f6db chromedriver-mac-64bit + 259803
6   chromedriver-mac-64bit              0x000000010406cd13 chromedriver-mac-64bit + 249107
7   chromedriver-mac-64bit              0x000000010404978a chromedriver-mac-64bit + 104330
8   chromedriver-mac-64bit              0x000000010404a7d5 chromedriver-mac-64bit + 108501
9   chromedriver-mac-64bit              0x000000010435c555 chromedriver-mac-64bit + 3327317
10  chromedriver-mac-64bit              0x0000000104367e60 chromedriver-mac-64bit + 3374688
11  chromedriver-mac-64bit              0x0000000104367bf8 chromedriver-mac-64bit + 3374072
12  chromedriver-mac-64bit              0x000000010433bd39 chromedriver-mac-64bit + 3194169
13  chromedriver-mac-64bit              0x00000001043686d8 chromedriver-mac-64bit + 3376856
14  chromedriver-mac-64bit              0x000000010434ff27 chromedriver-mac-64bit + 3276583
15  chromedriver-mac-64bit              0x0000000104385064 chromedriver-mac-64bit + 3493988
16  chromedriver-mac-64bit              0x00000001043a3617 chromedriver-mac-64bit + 3618327
17  libsystem_pthread.dylib             0x00007fff7bf92661 _pthread_body + 340
18  libsystem_pthread.dylib             0x00007fff7bf9250d _pthread_body + 0
19  libsystem_pthread.dylib             0x00007fff7bf91bf9 thread_start + 13

at sun.reflect.NativeConstructorAccessorImpl.newInstance0(Native Method)
at sun.reflect.NativeConstructorAccessorImpl.newInstance(NativeConstructorAccessorImpl.java:62)
at sun.reflect.DelegatingConstructorAccessorImpl.newInstance(DelegatingConstructorAccessorImpl.java:45)
at java.lang.reflect.Constructor.newInstance(Constructor.java:423)
at org.openqa.selenium.remote.W3CHandshakeResponse.lambda$errorHandler$0(W3CHandshakeResponse.java:62)
at org.openqa.selenium.remote.HandshakeResponse.lambda$getResponseFunction$0(HandshakeResponse.java:30)
at org.openqa.selenium.remote.ProtocolHandshake.lambda$createSession$0(ProtocolHandshake.java:123)
at java.util.stream.ReferencePipeline$3$1.accept(ReferencePipeline.java:193)
at java.util.Spliterators$ArraySpliterator.tryAdvance(Spliterators.java:958)
at java.util.stream.ReferencePipeline.forEachWithCancel(ReferencePipeline.java:126)
at java.util.stream.AbstractPipeline.copyIntoWithCancel(AbstractPipeline.java:498)
at java.util.stream.AbstractPipeline.copyInto(AbstractPipeline.java:485)
at java.util.stream.AbstractPipeline.wrapAndCopyInto(AbstractPipeline.java:471)
at java.util.stream.FindOps$FindOp.evaluateSequential(FindOps.java:152)
at java.util.stream.AbstractPipeline.evaluate(AbstractPipeline.java:234)
at java.util.stream.ReferencePipeline.findFirst(ReferencePipeline.java:464)
at org.openqa.selenium.remote.ProtocolHandshake.createSession(ProtocolHandshake.java:125)
at org.openqa.selenium.remote.ProtocolHandshake.createSession(ProtocolHandshake.java:74)
at org.openqa.selenium.remote.HttpCommandExecutor.execute(HttpCommandExecutor.java:136)
at org.openqa.selenium.remote.service.DriverCommandExecutor.execute(DriverCommandExecutor.java:83)
at org.openqa.selenium.remote.RemoteWebDriver.execute(RemoteWebDriver.java:552)
at org.openqa.selenium.remote.RemoteWebDriver.startSession(RemoteWebDriver.java:213)
at org.openqa.selenium.remote.RemoteWebDriver.<init>(RemoteWebDriver.java:131)
at org.openqa.selenium.chrome.ChromeDriver.<init>(ChromeDriver.java:181)
at org.openqa.selenium.chrome.ChromeDriver.<init>(ChromeDriver.java:168)
at org.openqa.selenium.chrome.ChromeDriver.<init>(ChromeDriver.java:123)
at setupClasses.DriverManager.getDrivers(DriverManager.java:26)
at setupClasses.DriverManager.getDriver(DriverManager.java:13)
at setupClasses.DriverManager.openDriver(DriverManager.java:17)
at tests.BaseTest.getDriver(BaseTest.java:25)
at tests.BaseTest.setUp(BaseTest.java:15)
at sun.reflect.NativeMethodAccessorImpl.invoke0(Native Method)
at sun.reflect.NativeMethodAccessorImpl.invoke(NativeMethodAccessorImpl.java:62)
at sun.reflect.DelegatingMethodAccessorImpl.invoke(DelegatingMethodAccessorImpl.java:43)
at java.lang.reflect.Method.invoke(Method.java:498)
at org.testng.internal.MethodInvocationHelper.invokeMethod(MethodInvocationHelper.java:124)
at org.testng.internal.MethodInvocationHelper.invokeMethodConsideringTimeout(MethodInvocationHelper.java:59)
at org.testng.internal.Invoker.invokeConfigurationMethod(Invoker.java:458)
at org.testng.internal.Invoker.invokeConfigurations(Invoker.java:222)
at org.testng.internal.Invoker.invokeConfigurations(Invoker.java:142)
at org.testng.internal.TestMethodWorker.invokeBeforeClassMethods(TestMethodWorker.java:168)
at org.testng.internal.TestMethodWorker.run(TestMethodWorker.java:105)
at org.testng.TestRunner.privateRun(TestRunner.java:648)
at org.testng.TestRunner.run(TestRunner.java:505)
at org.testng.SuiteRunner.runTest(SuiteRunner.java:455)
at org.testng.SuiteRunner.runSequentially(SuiteRunner.java:450)
at org.testng.SuiteRunner.privateRun(SuiteRunner.java:415)
at org.testng.SuiteRunner.run(SuiteRunner.java:364)
at org.testng.SuiteRunnerWorker.runSuite(SuiteRunnerWorker.java:52)
at org.testng.SuiteRunnerWorker.run(SuiteRunnerWorker.java:84)
at org.testng.TestNG.runSuitesSequentially(TestNG.java:1208)
at org.testng.TestNG.runSuitesLocally(TestNG.java:1137)
at org.testng.TestNG.runSuites(TestNG.java:1049)
at org.testng.TestNG.run(TestNG.java:1017)
at org.apache.maven.surefire.testng.TestNGExecutor.run(TestNGExecutor.java:77)
at org.apache.maven.surefire.testng.TestNGDirectoryTestSuite.executeMulti(TestNGDirectoryTestSuite.java:159)
at org.apache.maven.surefire.testng.TestNGDirectoryTestSuite.execute(TestNGDirectoryTestSuite.java:99)
at org.apache.maven.surefire.testng.TestNGProvider.invoke(TestNGProvider.java:106)
at sun.reflect.NativeMethodAccessorImpl.invoke0(Native Method)
at sun.reflect.NativeMethodAccessorImpl.invoke(NativeMethodAccessorImpl.java:62)
at sun.reflect.DelegatingMethodAccessorImpl.invoke(DelegatingMethodAccessorImpl.java:43)
at java.lang.reflect.Method.invoke(Method.java:498)
at org.apache.maven.surefire.util.ReflectionUtils.invokeMethodWithArray(ReflectionUtils.java:189)
at org.apache.maven.surefire.booter.ProviderFactory$ProviderProxy.invoke(ProviderFactory.java:165)
at org.apache.maven.surefire.booter.ProviderFactory.invokeProvider(ProviderFactory.java:85)
at org.apache.maven.surefire.booter.ForkedBooter.runSuitesInProcess(ForkedBooter.java:115)
at org.apache.maven.surefire.booter.ForkedBooter.main(ForkedBooter.java:75)
]]>
            </full-stacktrace>
          </exception> <!-- org.openqa.selenium.SessionNotCreatedException -->
          <reporter-output>
          </reporter-output>
        </test-method> <!-- flow -->
        <test-method status="SKIP" signature="afterMethod()[pri:0, instance:tests.FlowTest@7a5d012c]" name="afterMethod" is-config="true" duration-ms="0" started-at="2019-05-15T15:19:21Z" finished-at="2019-05-15T15:19:21Z">
          <reporter-output>
          </reporter-output>
        </test-method> <!-- afterMethod -->
      </class> <!-- tests.FlowTest -->
    </test> <!-- Command line test -->
  </suite> <!-- Command line suite -->
</testng-results>
